chrom	mid	dist
chromosome1	16916.0	2.2367798590262318
chromosome1	34763.0	1.2180562537592388
chromosome1	41101.0	0.5400129812311171
chromosome1	49907.0	0.3322487655059204
chromosome1	59068.0	0.9903059068237865
chromosome1	68775.5	0.7106387737859892
chromosome1	77393.5	0.3172200934162166
chromosome1	85322.0	0.5767556006136373
chromosome1	94364.0	0.4615705720830492
chromosome1	104659.5	0.4144230871734567
chromosome1	114678.5	0.2812047302298812
chromosome1	123479.5	1.1033088845953192
chromosome1	132240.5	0.2727952076327158
chromosome1	143440.0	0.5308996030735935
chromosome1	154679.0	0.342329723651425
chromosome1	166565.0	0.5231155975295956
chromosome1	177058.5	0.2693276899289598
chromosome1	184716.5	0.04874631184914807
chromosome1	192997.0	0.4979937729590482
chromosome1	199799.0	0.7554967439530104
chromosome2	8417.5	0.9598960580686662
chromosome2	21886.0	0.22181105725173222
chromosome2	37913.0	0.7243069459274829
chromosome2	58445.0	0.8815848633646738
chromosome2	75481.0	0.2970209764761633
chromosome2	87438.0	0.3661359806474227
chromosome2	99661.0	0.46316599371649225
chromosome2	111372.5	0.2747701341826926
chromosome2	123744.0	1.1485490400728429
chromosome2	135806.0	0.6079394751797134
chromosome2	145584.0	0.1742427193318611
chromosome2	157036.0	0.82049852033402
chromosome2	169325.0	1.3552015995735713
chromosome2	180517.0	0.5687130091838499
chromosome2	190889.0	0.5822440067875764
chromosome2	199389.5	0.6411708295295475
chromosome2	207709.5	1.196234381636229
chromosome2	220758.5	0.5890837768036935
chromosome2	233792.0	0.7960108057311239
chromosome2	243380.0	0.5533156316794544
chromosome2	251499.0	0.5833261741394558
chromosome2	260840.5	0.5473139861286991
chromosome2	270706.5	0.6456167726957721
chromosome2	280768.5	3.1982894406069837
chromosome2	291102.0	2.5300549814955047
chromosome2	299917.5	0.30559318028949106
chromosome2	308881.0	0.47536893175908335
chromosome2	318113.5	0.2756248024901664
chromosome2	326552.5	1.0066927202633522
chromosome2	335034.5	0.4615302260032396
chromosome2	343518.5	0.39613063058037384
chromosome2	350091.5	0.9455051502284945
chromosome2	357686.0	0.9210183671383085
chromosome2	365377.5	1.3129106356522862
chromosome2	372143.0	0.6621607841687474
chromosome2	379235.5	1.1028116777380983
chromosome2	386351.0	0.296788386529819
chromosome2	394298.5	0.5113313969578636
chromosome2	402935.5	0.08020296090476203
chromosome2	411967.5	0.1327496545247247
chromosome2	419240.5	0.7397196001680032
chromosome2	424805.0	0.6941574002512911
chromosome2	432308.5	0.7490862168713519
chromosome2	441337.5	0.6604138372648973
chromosome2	450365.0	0.6372746178230865
chromosome2	459052.0	0.7065279129563433
chromosome2	467833.5	1.7818949241222706
chromosome2	477475.0	0.26833979253046314
chromosome2	488337.5	0.7367204072363052
chromosome2	499489.5	0.5782173255657034
chromosome2	510363.0	0.3605559837371545
chromosome2	520327.5	0.9141363417497703
chromosome2	528972.0	0.730507385328341
chromosome2	535866.5	0.3737528473827382
chromosome2	541623.0	0.7071631538087217
chromosome2	548409.0	1.6165699626238956
chromosome2	555590.0	1.1944979030875167
chromosome2	562519.0	0.18608424869460982
chromosome2	570820.0	0.7226717149922054
chromosome2	580219.5	1.0474877455675133
chromosome2	589543.5	0.5189240921301386
chromosome2	599477.0	1.9960491957844413
chromosome2	610054.5	1.8187591996947063
chromosome2	618431.0	1.6069012484174017
chromosome2	626164.0	1.1982961942825543
chromosome2	636052.0	0.5178415840817836
chromosome2	647189.0	0.4753235045596709
chromosome2	658211.0	0.5131645716215625
chromosome2	669312.0	1.0748886332020238
chromosome2	679310.5	0.6810871777326152
chromosome2	688661.0	0.4337865170642344
chromosome2	699599.0	0.9843072364517182
chromosome2	711925.0	1.0936298927965953
chromosome2	723091.0	0.570947515462711
chromosome2	731487.0	0.5525594261598389
chromosome2	740352.5	0.3247122999110589
chromosome2	750716.0	0.45988145762603533
chromosome2	762244.0	0.3552999991110559
chromosome2	776087.0	0.46387301286869004
chromosome2	788470.0	0.231670663029054
chromosome2	796473.0	0.861169457875533
chromosome3	8091.5	0.6116988648258663
chromosome3	19414.5	0.6154732384166149
chromosome3	27114.5	0.5056193485836846
chromosome3	37290.5	0.38547883285076634
chromosome3	47883.0	0.6384476561370597
chromosome3	56454.0	0.443432659167646
chromosome3	65529.0	0.4258139102054421
chromosome3	74234.5	0.1505473835130329
chromosome3	80845.5	0.613577690728908
chromosome3	91396.5	0.6433289405805931
chromosome3	102733.0	0.41173574884615455
chromosome3	119017.5	2.8197141808261224
chromosome3	138266.5	0.8034857532510281
chromosome3	149220.5	0.7839672776905982
chromosome3	159778.5	0.7859909436640353
chromosome3	172259.5	0.8116855352826551
chromosome3	183616.0	0.5855978415692786
chromosome3	193988.0	0.637870993446863
chromosome3	204602.5	0.8776583666214048
chromosome3	212146.5	0.830291180502885
chromosome3	221347.5	0.2377461006055246
chromosome3	231131.0	0.4682877254175408
chromosome3	239542.5	0.8264919947703392
chromosome3	248614.5	1.034983923652587
chromosome3	259146.0	1.5341935458605092
chromosome3	267814.0	0.5627551734265991
chromosome3	275226.5	0.391278044804298
chromosome3	282837.0	0.7901701805436245
chromosome3	288983.5	0.6570214726074425
chromosome3	294822.5	0.7512843177522
chromosome3	301994.0	1.7814379452165148
chromosome4	19776.0	0.3782024739432327
chromosome4	27660.5	0.270187265102178
chromosome4	37694.0	0.6229894844228216
chromosome4	47472.0	0.42855455391692565
chromosome4	57245.0	1.951171476597125
chromosome4	66612.5	3.242730416463985
chromosome4	75989.5	0.6260484310724874
chromosome4	85131.5	0.8011886065056143
chromosome4	94055.0	0.6649821951746033
chromosome4	102326.0	0.4349059615089232
chromosome4	112046.0	0.5697536671688722
chromosome4	122703.0	2.4113273562149233
chromosome4	135652.5	2.4471427603856775
chromosome4	154944.5	2.124549637168618
chromosome4	175813.5	0.2906568445649889
chromosome4	192356.5	0.5019132984507163
chromosome4	206230.5	0.5099529309142228
chromosome4	220193.5	0.5044963296900197
chromosome4	233968.0	3.2400079281308467
chromosome4	245168.0	0.8724648992145705
chromosome4	255241.5	1.037150889350567
chromosome4	265974.0	4.73836662934713
chromosome4	275447.5	2.214240331213118
chromosome4	285064.5	1.990180941261277
chromosome4	294082.0	2.1505046173195828
chromosome4	303402.5	2.462429775562171
chromosome4	314115.5	2.3463814793684654
chromosome4	323792.5	2.9260870428160834
chromosome4	332881.5	0.5791759636826738
chromosome4	342393.5	1.6220022712220943
chromosome4	350767.0	0.4973847519953032
chromosome4	358323.0	0.38620270856703615
chromosome4	366457.5	0.3651978314051823
chromosome4	373579.0	0.7678124386974694
chromosome4	379755.5	1.6059115458059174
chromosome4	387877.5	1.2340571629153054
chromosome4	398421.5	1.0157031868505668
chromosome4	410483.0	0.28165009995508256
chromosome4	422549.5	2.341171519896208
chromosome4	434528.0	2.2251657261259106
chromosome4	446798.5	0.6783284095767509
chromosome4	459293.5	0.726983026896428
chromosome4	473949.5	0.37787450801445355
chromosome4	491928.5	0.8894509361103371
chromosome4	512440.0	0.6577123889861528
chromosome4	531293.5	0.9736535775437735
chromosome4	545648.5	1.465501118338012
chromosome4	557719.5	2.325626247392945
chromosome4	568182.5	0.7209420624803566
chromosome4	577212.5	0.40302934122545137
chromosome4	584615.5	1.1770734305679464
chromosome4	591166.0	1.6306801716188777
chromosome4	597024.0	0.25744046175207025
chromosome4	603719.0	0.27178118646006333
chromosome4	610602.0	0.6936259810465668
chromosome4	616227.5	0.8796255640365703
chromosome4	620931.0	0.635282916061639
chromosome4	628468.5	0.2886418158958713
chromosome4	638939.5	0.7484294193782808
chromosome4	652063.0	0.4158486897331189
chromosome4	669796.5	0.7660186841666287
chromosome4	689943.0	0.4785274862119511
chromosome4	705577.5	0.8765558913911469
chromosome4	714162.0	1.1303026142266586
chromosome4	721241.5	0.9714843713243381
chromosome4	733311.0	0.5432351053968139
chromosome4	746699.0	0.7192244982473945
chromosome4	760740.0	1.8405015706005439
chromosome4	774181.0	0.4692124554742714
chromosome4	785240.0	0.5216844706220278
chromosome4	798714.0	0.5490811582531024
chromosome4	812471.0	0.6624625945641063
chromosome4	826204.5	0.46685775008090485
chromosome4	837646.5	0.34868488620322136
chromosome4	848069.0	0.7964072468486513
chromosome4	858147.5	0.5509042242117247
chromosome4	867050.0	0.6069015625920358
chromosome4	883608.5	0.3605124220008815
chromosome4	900967.5	1.1036684271732204
chromosome4	910870.0	0.4583052517478771
chromosome4	919924.5	0.500087585828964
chromosome4	928169.5	0.11428226576318867
chromosome4	936086.0	0.9603959769781655
chromosome4	944917.0	1.3517692955760428
chromosome4	953730.0	1.8279232380388204
chromosome4	962346.5	1.625051486662288
chromosome4	972506.0	0.549745888933582
chromosome4	986506.0	0.630047705002885
chromosome4	999458.0	0.5742110311558621
chromosome4	1008002.0	0.8477669132774205
chromosome4	1015008.5	0.6597877150244164
chromosome4	1024457.5	0.36112687761099527
chromosome4	1033578.0	0.5677112948954485
chromosome4	1041052.0	0.9125507262159486
chromosome4	1049200.5	0.6388967618958196
chromosome4	1056361.5	0.8628006933481521
chromosome4	1064317.5	1.5338814232585296
chromosome4	1072785.0	1.8414857728012701
chromosome4	1080112.0	1.5855822092384613
chromosome4	1089363.0	0.9838407403513288
chromosome4	1101784.0	0.4606372330586395
chromosome4	1114122.0	0.9256989575145882
chromosome4	1124442.0	0.6546046759960114
chromosome4	1134672.0	0.41977472463828114
chromosome4	1145936.0	0.251928978163192
chromosome4	1158886.0	0.47620815096397756
chromosome4	1169170.0	0.24757336165355462
chromosome4	1175565.0	0.5498907872200696
chromosome4	1183357.0	0.4429120273433809
chromosome4	1195686.5	0.19843669436505143
chromosome4	1211886.0	0.5465732957387638
chromosome4	1225104.0	1.8727960108548571
chromosome4	1237932.0	1.170466582321035
chromosome4	1251295.0	1.6392147921241054
chromosome4	1260927.5	1.9005216135407972
chromosome4	1271354.0	0.8750201268059284
chromosome4	1284049.5	0.6237515075572965
chromosome4	1295793.0	0.4380960711163208
chromosome4	1305865.0	0.5328042653647391
chromosome4	1319315.0	0.5057999127841477
chromosome4	1332229.5	0.5108396190156328
chromosome4	1343389.0	0.3418964589324696
chromosome4	1357033.5	0.8223711061842435
chromosome4	1372249.5	0.5747359967712359
chromosome4	1385428.5	0.4235883484667705
chromosome4	1396477.5	0.7973224874982267
chromosome4	1406742.5	0.4764385203218437
chromosome4	1416447.0	0.4941420598028324
chromosome4	1426584.0	0.4059387256118883
chromosome4	1436192.5	0.26951511029447606
chromosome4	1443160.0	0.2617711013737307
chromosome4	1448321.0	0.39052107273431674
chromosome4	1454412.0	0.3489361271984796
chromosome4	1462017.0	0.6587732091425289
chromosome4	1470107.5	2.2528598768745756
chromosome4	1480789.0	1.6746491926743785
chromosome4	1491082.0	0.32164569390196945
chromosome4	1498697.0	0.42639362562352096
chromosome4	1508166.5	0.44300356585853673
chromosome4	1517801.5	0.3925611107732666
chromosome5	10923.5	0.39321419141418745
chromosome5	20295.5	1.5545366001503063
chromosome5	30604.5	0.9462398063637107
chromosome5	39971.0	0.7523676210226665
chromosome5	46881.0	1.0194912589831184
chromosome5	53803.0	0.3816053588982183
chromosome5	61983.0	0.6427638661274898
chromosome5	69470.5	0.6131343062096947
chromosome5	76711.5	0.618808966884351
chromosome5	85075.5	0.4886835654136045
chromosome5	94526.0	0.27748846558622925
chromosome5	102995.0	1.2879676233841193
chromosome5	112327.0	1.201880690171059
chromosome5	123439.5	1.101863088624818
chromosome5	135169.0	0.14253103669574943
chromosome5	147620.0	0.5537920850791005
chromosome5	159473.0	0.7661047748445236
chromosome5	169850.5	0.5861613731530195
chromosome5	178059.5	0.8115528550849405
chromosome5	184884.0	0.3752155368829176
chromosome5	192000.5	0.4672011788407683
chromosome5	200198.5	0.3646065485355693
chromosome5	209165.0	0.5176154703527954
chromosome5	218150.0	0.5680200962248378
chromosome5	226944.0	0.5431360849111261
chromosome5	235618.5	0.4900408330811385
chromosome5	244523.5	0.3162464924298934
chromosome5	257334.5	0.5356875189985766
chromosome5	276833.5	0.7203733698456001
chromosome5	294954.0	0.3103836599790472
chromosome5	307872.0	0.42598701449571746
chromosome5	319503.0	0.40241121280371367
chromosome5	331198.5	0.6379172594592264
chromosome5	341385.5	0.6427880306793433
chromosome5	350050.0	0.3955459869521963
chromosome5	358197.0	0.8353559836677134
chromosome5	366675.5	0.3527952868527791
chromosome5	374763.0	1.1000983796150083
chromosome5	384226.0	0.31736331067343415
chromosome5	395027.0	0.4803047705243874
chromosome5	404718.0	0.8093414210963783
chromosome5	414126.5	0.3444507095587978
chromosome5	421874.0	0.3746037677772406
chromosome5	427000.5	0.5520518055070851
chromosome5	432485.5	0.7007611659400266
chromosome5	442695.5	0.39030504487409007
chromosome5	454152.5	0.7298260458528245
chromosome5	461712.0	0.5001792830002045
chromosome5	468498.5	0.37354928184435515
chromosome5	474669.5	0.5527766457918764
chromosome5	480843.0	0.6582046636173652
chromosome5	491390.5	0.4291560240616633
chromosome5	501614.0	0.43137678507259686
chromosome5	511164.5	0.8942800829781198
chromosome5	523503.5	0.812229610275542
chromosome5	535390.5	0.4811535925699199
chromosome5	545869.0	0.517121537094034
chromosome5	554572.5	0.6582896076652968
chromosome5	561213.5	0.36144889709473116
chromosome6	23532.5	0.515631658778126
chromosome6	44686.0	0.42698512657933196
chromosome6	56798.5	0.9608184218379371
chromosome6	69675.0	0.6103259347479242
chromosome6	79235.5	0.4166065532356485
chromosome6	89112.5	0.8920148476582557
chromosome6	99307.0	0.3298722840812123
chromosome6	108620.0	0.8122770452291143
chromosome6	119015.5	0.4857905898763785
chromosome6	131130.0	0.2589209283055846
chromosome6	146084.5	0.7473899284433774
chromosome6	159702.5	0.49447724447435004
chromosome6	170891.0	0.3876702429306429
chromosome6	181027.5	0.6863315422721876
chromosome6	189517.0	0.5525976052362431
chromosome6	198149.0	0.8448781846305737
chromosome6	207951.0	0.8985925604473514
chromosome6	218646.5	0.6687258568812176
chromosome6	228421.0	0.798967845504425
chromosome6	238228.0	2.359733707004756
chromosome6	248663.0	1.1420441953127751
chromosome6	256613.5	1.6361104475909811
chromosome7	4058.5	0.5625628992129384
chromosome7	12627.0	0.17462860874885527
chromosome7	19012.5	0.730710955688158
chromosome7	26339.0	0.49907479440535796
chromosome7	36221.5	0.6904132473965793
chromosome7	46904.0	0.3879590471291689
chromosome7	57290.5	0.5016588985122039
chromosome7	67504.0	0.30910948549417705
chromosome7	77315.5	1.6012167544898248
chromosome7	87084.0	0.8839234077987377
chromosome7	97464.5	0.46388034716460436
chromosome7	109289.5	0.8807847338227066
chromosome7	120642.5	1.036605975809801
chromosome7	127927.0	0.576680291727131
chromosome7	134117.5	0.4926954673694822
chromosome7	140751.0	0.5796162684877896
chromosome7	147264.0	0.5007246579312868
chromosome7	154861.5	0.48009069540947946
chromosome7	163922.0	0.4759169074662879
chromosome7	172305.0	1.9008698591363389
chromosome7	181198.5	1.6514072441449672
chromosome7	189121.5	1.3059098564554308
chromosome7	196417.5	1.8495794559679841
chromosome7	204165.5	0.42696842616209496
chromosome7	212680.5	0.3773964197809976
chromosome7	221647.5	0.7161194504548721
chromosome7	231310.5	0.49584011027647834
chromosome7	243748.5	0.8297002223924232
chromosome7	255874.0	0.34251617513446453
chromosome7	266310.5	0.6215248716932142
chromosome7	275094.5	1.0855437275181883
chromosome7	283964.0	0.2453216516537071
chromosome7	295178.5	0.49959928461180814
chromosome7	306019.5	0.9427701842949369
chromosome7	314547.0	0.4414889573151699
chromosome7	321768.0	0.44680664586449154
chromosome7	327907.0	2.1216433295136388
chromosome7	335767.5	0.40869625352242717
chromosome7	346651.5	0.5536630183786814
chromosome7	355439.5	0.29255730274952385
chromosome7	362226.5	0.23309256087721303
chromosome7	369047.5	0.40990368908341673
chromosome7	375819.5	1.5003719487476752
chromosome7	384246.5	2.04921816885549
chromosome7	392542.5	1.5130627349335781
chromosome7	402010.5	2.762096434481048
chromosome7	410916.5	0.4822028211037633
chromosome7	418103.5	1.5854518812849758
chromosome7	426828.5	0.4692052557311082
chromosome7	437158.5	0.4050369218949493
chromosome7	447541.0	0.8932685939926568
chromosome7	457663.5	1.1296715316810464
chromosome7	470005.5	0.5859826380770263
chromosome7	481345.5	1.5666570244517277
chromosome7	490422.0	0.6467622489922921
chromosome7	499275.5	0.5748646009888507
chromosome7	510276.0	0.5884141873389012
chromosome7	521805.5	0.4858897108850434
chromosome7	535485.5	0.6776253436595214
chromosome7	550814.0	0.5210750948100863
chromosome7	568540.5	0.5441723493736175
chromosome7	584897.0	1.1722558231529054
chromosome7	593657.5	0.5956240533667428
chromosome7	602417.0	1.0583368055024243
chromosome7	612847.0	0.8679239992433365
chromosome7	622622.5	0.6271712387675833
chromosome7	630969.0	0.6628616994645089
chromosome7	640299.0	0.6672036837455056
chromosome7	649187.0	0.45201719303310883
chromosome7	656773.5	0.6629528384065438
chromosome7	666108.0	0.805719922065927
chromosome7	676730.0	0.6394968404797178
chromosome7	686965.0	0.396526554444651
chromosome7	697280.5	0.5515366788703518
chromosome7	709804.0	0.575714503345633
chromosome7	722197.0	0.9186613871644657
chromosome7	731802.5	0.4518867326536773
chromosome7	740995.5	1.5164382243180758
chromosome7	748901.5	1.91864479255093
chromosome7	759445.0	0.7322088280136689
chromosome7	770191.5	0.8173031890897567
chromosome7	776871.0	0.589838848975654
chromosome7	782927.5	0.48998881996326976
chromosome7	789788.0	0.6715597256260646
chromosome7	796779.5	0.7703288205715109
chromosome7	805080.5	1.5554076404684942
chromosome7	821621.0	0.6628721683316278
chromosome7	839439.0	0.5460029600608555
chromosome7	848764.0	0.9916320077856948
chromosome7	856767.0	0.4493880295925649
chromosome7	865789.0	0.9035758893465752
chromosome7	875321.5	0.995899273091211
chromosome7	884619.0	0.6588667500984563
chromosome7	892541.5	0.5573808826429758
chromosome7	901247.5	0.44636271397984945
chromosome7	910163.0	0.6564546232577931
chromosome7	919449.5	0.9461437115510059
chromosome7	931098.5	3.1992024906036423
chromosome7	942322.5	0.5961277088229927
chromosome7	950302.0	0.552964825324208
chromosome7	956380.0	0.6046789778666085
chromosome7	962587.0	0.4238604005544442
chromosome7	969982.5	0.5638129405735787
chromosome7	978566.0	0.5297446228044779
chromosome7	985746.5	0.6006487418789472
chromosome7	991864.0	1.137688904445612
chromosome7	1000265.5	0.5476873986735369
chromosome7	1010579.0	0.8353326016952392
chromosome7	1027021.5	0.6496840330686516
chromosome7	1049014.0	0.36029196130156804
chromosome8	8109.0	0.35741582170057346
chromosome8	18785.5	0.3946500885497713
chromosome8	26446.0	0.3382100982496728
chromosome8	36960.5	0.9357716938747842
chromosome8	48239.5	0.5380144627263845
chromosome8	58918.0	0.9357764119132367
chromosome8	68270.0	0.7985964511455351
chromosome8	75627.0	0.7712203486737216
chromosome8	85605.5	0.8856355247378845
chromosome8	96442.5	0.47042983498929614
chromosome8	106592.5	0.9394246909472969
chromosome8	116480.5	0.9057873670182436
chromosome8	126081.0	0.7057550107927235
chromosome8	136925.5	0.8461370071330518
chromosome8	146234.0	0.8707619155028061
chromosome8	154078.0	0.8258925751535321
chromosome8	162772.5	1.1648390628093293
chromosome8	172374.5	0.7806033118671984
chromosome8	180174.0	0.48854361096524956
chromosome8	189765.0	0.7022023275725768
chromosome8	202550.5	4.690694838124972
chromosome8	216530.5	2.21827659925357
chromosome8	230176.5	0.7851405459914916
chromosome8	240609.5	0.39973412561024024
chromosome8	250698.5	0.431287448549845
chromosome8	261147.0	0.6556862809784948
chromosome8	272959.0	0.9648268418500404
chromosome8	284363.0	0.8569609839248529
chromosome8	292379.0	0.5644614666064058
chromosome8	303116.0	0.35285833460352123
chromosome8	316401.5	0.3688366118586928
chromosome8	327718.0	0.6240985365102821
chromosome8	338017.0	0.8466045599731146
chromosome8	347253.5	0.6802265316387273
chromosome8	356556.5	0.8154941580787075
chromosome8	366688.5	0.7569875472216645
chromosome8	376988.5	0.4003672598482186
chromosome8	384981.5	0.4136457717780866
chromosome8	392790.5	0.5232618374479646
chromosome8	401600.5	0.47099959774371475
chromosome8	413017.5	0.6279290712848254
chromosome8	424385.0	0.8415494002455974
chromosome8	433356.0	0.7330332524446687
chromosome8	444085.5	0.5248366057395293
chromosome8	454284.5	0.6804814807865374
chromosome8	462197.0	0.789430781963545
chromosome8	470903.5	0.6202114807505089
chromosome8	480288.0	0.4426709290240981
chromosome8	490062.5	0.44292830749353723
chromosome8	501779.0	0.8514971377622692
chromosome8	514108.0	0.26450712360173867
chromosome9	32444.5	6.340029765619532
chromosome9	48686.0	0.7798628616514549
chromosome9	57144.5	0.809551630972735
chromosome9	64824.5	2.108901284910152
chromosome9	69932.5	1.7167233348693947
chromosome9	74856.5	1.9917141906093792
chromosome9	81743.5	0.3389459894545382
chromosome9	90381.0	0.8323993675236965
chromosome9	97783.0	1.4934294017440743
chromosome9	104894.0	1.2924248035441475
chromosome9	113320.5	0.43205878938472064
chromosome9	123594.0	2.6321371145703196
chromosome9	132557.5	0.12742977823207516
chromosome9	138664.5	4.115257722147397
chromosome9	145736.5	2.7092860699970704
chromosome9	153904.0	2.6370322052809883
chromosome9	163414.0	0.6819135702889473
chromosome9	177750.5	0.17789742654216997
chromosome9	193402.5	1.0572552314662842
chromosome9	208334.0	3.00310095281929
chromosome9	221628.5	2.3541495123985317
chromosome9	234798.5	3.3953574514970373
chromosome9	245640.0	2.6091509942085973
chromosome9	253581.0	3.53607638132023
chromosome9	263567.0	0.8704226820961206
chromosome9	272612.5	0.7038238198379263
chromosome9	280775.5	0.6408338839078475
chromosome9	290674.5	0.5771072572311952
chromosome9	302110.0	1.26356536403568
chromosome9	311816.0	0.5794437500346322
chromosome9	319681.0	0.7455462103847712
chromosome9	328665.0	1.0674308166585276
chromosome9	337017.5	0.4929977466783019
chromosome9	342937.5	0.6912731817144787
chromosome9	351761.0	0.6647554704419256
chromosome9	362979.0	0.630743061030061
chromosome9	371658.5	0.531824816185471
chromosome9	378709.5	0.4070707195024807
chromosome9	385067.5	0.6672067893816872
chromosome9	393643.5	0.5223354013372804
chromosome9	405506.5	0.22465891140909447
chromosome9	414095.0	0.6790517933147604
chromosome9	421802.5	0.852221587668062
chromosome9	427528.0	0.6982503680095251
chromosome10	25712.5	2.6140163800255753
chromosome10	33561.0	0.6141978002518684
chromosome10	41803.5	0.5489464777129961
chromosome10	52785.5	0.8658789433257728
chromosome10	63610.0	0.25988737998169364
chromosome10	73555.0	0.5408228967687404
chromosome10	83037.5	0.47784439930303113
chromosome10	92142.0	0.9800551631186817
chromosome10	102500.0	0.39687205328121355
chromosome10	112581.5	0.46146687736459957
chromosome10	120911.5	0.410985408089132
chromosome10	128304.0	0.3274136348453419
chromosome10	135973.5	0.21294575445311525
chromosome10	143585.0	1.4770396909403998
chromosome10	151590.0	0.4569214171073183
chromosome10	159747.0	1.1112265634567433
chromosome10	170287.5	0.3078949598254141
chromosome10	182740.0	1.3543433631063022
chromosome10	197502.0	1.2839526998467048
chromosome10	212352.0	0.6206326168235491
chromosome10	223169.5	0.7547948056159776
chromosome10	232780.5	0.7678998273292942
chromosome10	243132.0	0.6663691384360487
chromosome10	255504.0	0.7731094948441046
chromosome10	267518.5	0.8415940119488461
chromosome10	278473.5	0.8531632610519168
chromosome10	287379.0	1.2980855507656572
chromosome10	294222.0	1.2505777717837079
chromosome10	301649.0	2.6739008524738774
chromosome10	311721.5	2.761338827938675
chromosome10	320456.0	0.48058045732489435
chromosome10	327441.5	0.3405287809439307
chromosome10	335459.5	0.673736142291179
chromosome10	343492.0	0.5984620137316635
chromosome10	351702.0	1.0302079870199994
chromosome10	359219.5	0.14069757278142042
chromosome10	368416.0	0.963679326532296
chromosome10	377412.5	0.9597321900567986
chromosome10	386017.0	0.8619090568462816
chromosome10	395685.5	0.36262024146203437
chromosome10	405125.0	1.258234997152321
chromosome10	414561.0	1.8625941219608908
chromosome10	424903.0	1.016475076704684
chromosome10	437255.0	1.616142524995043
chromosome10	447255.0	1.820063816987189
chromosome10	455235.0	2.27341038822477
chromosome10	464860.0	2.059292026206821
chromosome10	480394.0	0.481125424685778
chromosome10	496810.0	2.298727901988913
chromosome10	507447.0	0.4922209865684378
chromosome10	517324.0	0.4557049030532031
chromosome10	527250.0	0.7018664940461299
chromosome10	536379.5	0.6275614919573714
chromosome10	544762.5	0.645043988556175
chromosome10	553347.5	1.1974960910502632
chromosome10	563308.5	0.9691418720684047
chromosome10	573859.0	0.9800578827157844
chromosome10	582231.5	0.9127342484066013
chromosome10	589619.0	1.027912663737342
chromosome10	598947.5	1.3224254454697921
chromosome10	605147.5	2.183385151443548
chromosome10	607709.5	1.562426380718667
chromosome10	611206.0	0.6135641597043987
chromosome10	617637.0	0.7056742637345612
chromosome10	624874.5	0.3446303468458774
chromosome10	632820.5	0.7011111838066234
chromosome10	641376.5	0.9191668413218348
chromosome10	650193.5	0.9141372906451773
chromosome10	658876.5	0.3125100311800804
chromosome10	665580.0	0.3711316221131748
chromosome10	672159.0	0.45124869324668826
chromosome10	679017.0	0.3635686211917886
chromosome10	685204.5	0.4822947656996669
chromosome10	691232.0	0.817013989355739
chromosome10	697518.0	0.53382216737252
chromosome10	702783.5	0.578549673885397
chromosome10	711498.5	0.7250681269881236
chromosome11	6869.5	1.8773337718506629
chromosome11	15648.5	1.3683964070591947
chromosome11	20444.5	1.8151589663633305
chromosome11	27220.5	0.9394468430001224
chromosome11	36110.5	0.8165446524171084
chromosome11	44687.0	0.6118267003441901
chromosome11	55763.0	0.5238331838898758
chromosome11	66771.0	0.42877934968235115
chromosome11	75038.0	0.519567538241213
chromosome11	82765.0	0.48467996761368914
chromosome11	88973.0	0.37884965035125995
chromosome11	95303.0	0.6221266489910232
chromosome11	105946.5	0.5851813489008177
chromosome11	117295.5	0.5795061491050835
chromosome11	125367.5	0.25898906425561513
chromosome11	134608.5	0.13808952711024738
chromosome11	143227.0	0.275058200303769
chromosome11	150457.0	0.3408062479327699
chromosome11	158428.0	0.43731791775033324
chromosome11	167769.5	0.5455715494691008
chromosome11	176731.0	0.5171699236461246
chromosome11	188494.0	0.27576769322740485
chromosome11	202001.0	0.6378385456535927
chromosome11	212305.5	0.46399742915804904
chromosome11	220428.0	0.7378604849107125
chromosome11	229828.5	0.7164465000654805
chromosome11	238569.5	0.5297408340302764
chromosome11	246706.0	0.4528075638262125
chromosome11	256740.0	0.3428046226797341
chromosome11	267364.0	0.1439803434790422
chromosome11	278260.5	0.5210688542913793
chromosome11	289684.0	0.893259794282233
chromosome11	301380.0	0.5170816707166971
chromosome11	315806.5	0.6408234227314435
chromosome11	330366.0	0.5859294508290233
chromosome11	340433.5	0.7815450993326817
chromosome11	350224.5	1.0519110835777967
chromosome11	359028.5	0.9316148170887436
chromosome11	365784.5	0.4903698813231054
chromosome11	375159.0	0.8922622149053838
chromosome11	385870.5	0.3191087042532404
chromosome11	395181.0	0.7430744829573498
chromosome11	407940.5	2.011495188277766
chromosome11	423819.0	1.8175802215854882
chromosome11	444337.5	1.5851639055898836
chromosome11	463031.5	0.33968444330985964
chromosome11	475311.5	0.2615272753713252
chromosome11	487165.0	3.061859627831503
chromosome11	498068.0	2.005126180625853
chromosome11	509845.5	1.3977177915403858
chromosome11	521175.0	0.46867143474610473
chromosome11	531464.5	1.0593740084503362
chromosome11	541769.5	3.2507112807287917
chromosome11	552933.5	1.0868451102092205
chromosome11	563188.0	5.291240018586394
chromosome11	573210.5	0.6069324619723041
chromosome11	582383.0	1.546198453003107
chromosome11	590920.0	0.8205061249207519
chromosome11	602252.0	1.8886326389364396
chromosome11	613220.5	0.5113856757173043
chromosome11	624564.0	4.529332684486769
chromosome11	638277.0	2.961159224805746
chromosome12	10101.0	0.37668631955615195
chromosome12	22708.0	1.012885132742496
chromosome12	30224.0	0.7636979653848652
chromosome12	38346.0	0.6002699376429939
chromosome12	47189.0	2.1969112907581527
chromosome12	58636.0	2.790442057975199
chromosome12	68679.0	0.6144256899554305
chromosome12	77543.0	0.833157901765034
chromosome12	87057.0	0.9096172214468449
chromosome12	95498.5	0.7279113896236931
chromosome12	104294.0	1.2295245565426314
chromosome12	112041.5	4.166739005404593
chromosome12	118154.5	4.072969344786571
chromosome12	126973.0	0.44517545627260674
chromosome12	137180.0	2.0505963018015145
chromosome12	148248.5	0.80291728805754
chromosome12	161850.0	0.3746259026035321
chromosome12	173888.0	0.762080965763241
chromosome12	184097.0	0.6006982632853639
chromosome12	194508.0	0.669277622572591
chromosome12	202795.0	0.524705391119826
chromosome12	210453.0	0.9631831150758922
chromosome12	221471.0	1.2568726742600969
chromosome12	232044.5	0.10225472039917845
chromosome12	240806.0	0.4715352642364681
chromosome12	248635.5	0.6929275065785311
chromosome12	256041.0	0.6540476141075109
chromosome12	267170.0	1.4581717104074234
chromosome12	279148.0	1.973281513110585
chromosome12	288589.0	0.976234846260435
chromosome12	298462.0	1.196749627269796
chromosome12	309943.0	0.3053469579487234
chromosome12	322136.0	0.6610679154253225
chromosome12	333073.5	0.4699928099462816
chromosome12	341857.0	0.7790020327547692
chromosome12	351529.5	0.8539424804035858
chromosome12	363554.0	0.7749061832113936
chromosome12	373925.0	0.4469861233034357
chromosome12	382826.5	0.3524929088507182
chromosome12	390009.5	0.9505729191503125
chromosome12	395159.0	0.44025293706769936
chromosome12	402170.5	0.14023612734565613
chromosome12	412251.0	0.5304266185651068
chromosome12	423004.0	0.48241498065441785
chromosome12	432697.0	0.48924298118837095
chromosome12	441823.0	0.4838880545227254
chromosome12	448769.5	0.335844900016987
chromosome12	474883.0	0.6266431671669159
chromosome12	503313.5	0.2370925238366341
chromosome12	513192.5	0.4755920982545612
chromosome12	526672.0	0.8796065668519125
chromosome12	540573.0	0.3893222453305349
chromosome12	551429.5	0.3713494183072933
chromosome12	568355.0	0.7534100788384387
chromosome12	592678.5	0.37460211798986115
chromosome12	608865.5	0.5854957482435528
chromosome12	617040.0	0.8413465301982544
chromosome12	628087.0	1.0520023431853827
chromosome12	641026.5	0.7211124296744083
chromosome12	655686.5	0.3824224133171461
chromosome12	672932.5	0.09684109205493296
chromosome12	692980.5	0.32308030769895135
chromosome12	713750.0	0.7697751211660161
chromosome12	729159.5	0.879975635886846
chromosome12	740466.5	0.41094631380727586
chromosome12	751711.0	1.3471324035427983
chromosome12	760542.0	1.4305316208781795
chromosome12	768902.0	1.2112559166518093
chromosome12	778863.0	0.24912377264768126
chromosome12	788454.0	0.5232005021226026
chromosome12	797134.0	0.6560801392364694
chromosome12	805366.5	0.5502418340982907
chromosome12	812431.5	0.5386856410101083
chromosome12	819029.0	0.5111885189320508
chromosome12	826675.0	0.5760566357028323
chromosome12	835729.0	0.7099529986199996
chromosome12	846099.0	2.4631019320763174
chromosome12	860133.0	0.19608599080466904
chromosome12	873146.0	1.2875192984013297
chromosome12	884074.0	2.6147913129269655
chromosome12	895607.5	3.957915078627901
chromosome12	907329.0	3.4130231921259946
chromosome12	920712.5	0.6230806695957279
chromosome12	931944.0	0.5808626772222929
chromosome12	943845.5	0.5170623918704302
chromosome12	955827.5	0.8296224245499587
chromosome12	964049.0	0.5497304820387118
chromosome12	971873.0	1.3706979458981963
chromosome12	982698.0	1.5952029283660654
chromosome12	994508.0	1.4272483489418737
chromosome12	1004123.5	0.8083296256044991
chromosome12	1013064.0	0.6735162642587317
chromosome12	1021870.0	0.517961693804478
chromosome12	1032517.5	0.48350532830671794
chromosome12	1044254.0	0.4582231379790638
chromosome12	1054538.0	0.7502883169908677
chromosome13	13696.5	1.1055263729536189
chromosome13	24594.5	0.7112461481906848
chromosome13	34368.5	0.5630250728173174
chromosome13	43850.0	0.32223255814833474
chromosome13	53738.5	0.4708186019625219
chromosome13	61858.0	0.4312553306101622
chromosome13	69733.0	0.3128175205071957
chromosome13	76727.5	0.6434203373755566
chromosome13	84204.0	0.7907048183507517
chromosome13	93287.0	0.4372403307476771
chromosome13	103006.5	0.8925240020493169
chromosome13	114214.5	0.8139435024336348
chromosome13	124377.5	0.6823429066479765
chromosome13	133278.0	1.2103770998433687
chromosome13	142614.0	0.5115217898477437
chromosome13	153155.0	0.6045292691779659
chromosome13	163545.5	0.5105771497036178
chromosome13	172974.5	0.4610158731851277
chromosome13	184844.5	0.7755602425283543
chromosome13	197619.5	0.7050786378811462
chromosome13	208213.5	0.9313610882732691
chromosome13	218179.5	0.9119468384886824
chromosome13	227300.5	0.47459119659502463
chromosome13	237016.0	0.4959438129057536
chromosome13	248537.0	1.4583968809009524
chromosome13	259912.5	0.4977692840139347
chromosome13	271592.5	0.5030255615013709
chromosome13	282128.5	1.6252515007843475
chromosome13	292158.5	1.92651629270572
chromosome13	301944.0	1.5247183093748904
chromosome13	310532.0	3.0235232656806503
chromosome13	319051.5	1.0227716547526708
chromosome13	329782.5	0.6755082563343764
chromosome13	340831.0	0.5539696474421043
chromosome13	354847.0	1.4211090220151736
chromosome13	367356.0	1.7005748139513968
chromosome13	379119.5	1.66070321682752
chromosome13	392062.0	0.518570867435804
chromosome13	402719.5	0.42249573596051426
chromosome13	412553.5	0.48577584976725
chromosome13	420695.0	0.41532873685215227
chromosome13	429003.0	0.41392321791162967
chromosome13	436805.5	0.49515192160958255
chromosome13	444496.0	0.3742296617189079
chromosome13	453105.0	0.3201130586280029
chromosome13	463181.0	0.4568044228999092
chromosome13	473116.5	2.7474637462836333
chromosome13	482454.0	3.566041574699882
chromosome13	491972.0	2.490798958725905
chromosome13	501701.5	1.4900053267032902
chromosome13	510545.5	1.6475719198252452
chromosome13	518677.0	1.0338291449388246
chromosome13	528969.5	1.0267973017424896
chromosome13	538091.0	0.5315217055996004
chromosome13	547296.0	0.517700949536239
chromosome13	557353.5	0.5631696063488607
chromosome13	565172.5	0.6155830881524539
chromosome13	573844.0	1.1290976904343448
chromosome13	583667.0	1.7759746657304245
chromosome13	593822.0	0.4009429157995846
chromosome13	605996.5	0.5177974022145272
chromosome13	620826.5	0.4964339067763199
chromosome13	635000.5	0.6101422847730421
chromosome13	646038.0	0.21442636822759095
chromosome13	655567.5	2.771238657416455
chromosome13	665202.5	3.485972178326888
chromosome13	676023.5	1.3129228838978915
chromosome13	687026.5	2.2446501825770406
chromosome13	697042.0	0.9916644951219445
chromosome13	705091.5	2.367960825001319
chromosome13	712067.0	1.9129170431234759
chromosome13	721644.5	0.5331512710178832
chromosome13	733456.5	0.8994906573162313
chromosome13	745573.5	2.140320050854298
chromosome13	755973.5	0.47069748457498634
chromosome13	763507.0	1.1029292157607737
chromosome13	769721.5	0.3622322194251244
chromosome13	777878.5	0.518272594562397
chromosome13	789000.5	0.49572971530247373
chromosome13	798287.0	1.398015028134294
chromosome13	805153.5	0.8398029486158802
chromosome13	817523.0	2.160725518425565
chromosome13	831041.0	0.34265794117281245
chromosome13	840113.0	0.16843980855385454
chromosome13	849607.5	2.7096419532634584
chromosome13	859016.0	2.8863817845752004
chromosome13	868337.5	0.8300586816600776
chromosome13	879440.5	0.3907207714136294
chromosome13	893508.5	1.5576560021581847
chromosome13	905010.0	0.36273687939063287
chromosome13	912404.5	0.6696037348923727
chromosome14	14450.5	0.5405824554275251
chromosome14	24709.0	0.6158902905382485
chromosome14	30953.0	0.3492357140819393
chromosome14	37614.5	0.8048568936802607
chromosome14	44135.5	0.49941927819871546
chromosome14	52603.0	1.0328914329296093
chromosome14	63822.5	0.5377625575819983
chromosome14	75192.5	0.4158485016706072
chromosome14	85232.0	0.3434276900474235
chromosome14	98030.0	0.501867354745958
chromosome14	109657.5	0.2934834404618234
chromosome14	116371.0	0.4602374277752971
chromosome14	122023.5	0.7582853093851116
chromosome14	129143.0	0.5573787988200374
chromosome14	137569.5	0.5915257848835064
chromosome14	146051.5	0.7685161434678877
chromosome14	155375.0	0.39612813882804637
chromosome14	164805.5	0.4806799966823693
chromosome14	174589.5	0.17443653457404523
chromosome14	184714.5	0.40777306475611197
chromosome14	194677.0	1.361491348595784
chromosome14	204187.0	1.5995538259890814
chromosome14	213193.5	2.6144990314646788
chromosome14	222520.0	0.6036820604746511
chromosome14	234226.0	0.9691107685826111
chromosome14	250497.0	1.5402247998495437
chromosome14	265320.5	1.276633969627308
chromosome14	277621.0	0.4376701480230429
chromosome14	288475.0	0.40534766659047833
chromosome14	297723.5	0.8898553806588537
chromosome14	305593.0	1.8863616832478394
chromosome14	314867.0	0.8249558899635471
chromosome14	326704.5	1.5376608266553864
chromosome14	337174.5	2.440559912958036
chromosome14	346217.5	2.6715723354288703
chromosome14	355872.0	0.36871098904289534
chromosome14	365995.0	0.713332575040917
chromosome14	377735.0	0.25078592506685193
chromosome14	388617.5	0.8434778676690265
chromosome14	398241.5	0.5884853315214948
chromosome14	407629.0	0.4698028949993764
chromosome14	415467.5	0.4689672795973976
chromosome14	423202.5	0.5775426883172284
chromosome14	431557.5	0.4113395659177796
chromosome14	439481.5	0.8754690400251369
chromosome14	447514.5	0.6241976979746817
chromosome14	458069.0	0.5106966605786726
chromosome14	469507.0	0.4271596228543014
chromosome14	478539.5	0.49022617574781646
chromosome14	488577.0	0.7958607106863054
chromosome14	497552.5	0.5125022493356929
chromosome14	503750.5	0.42370280752857215
chromosome14	511728.0	0.4146249245677985
chromosome14	522871.5	1.211129420547737
chromosome14	534336.5	0.6844259632620524
chromosome14	543729.5	0.49018403497855406
chromosome14	553453.0	0.9434612218275624
chromosome14	568263.5	1.2734523072298338
chromosome14	582673.5	0.5852670757280641
chromosome14	592856.0	0.9018951698891318
chromosome14	605395.5	3.3065700911924143
chromosome14	624492.5	0.5599418124272656
chromosome14	643589.0	4.182392984236977
chromosome14	658121.0	1.8430927598907423
chromosome14	669160.5	0.5559558261682922
chromosome14	676767.5	0.6310184756523022
chromosome14	685544.0	1.9041132297525876
chromosome14	696282.5	0.5647977130683827
chromosome14	704415.5	0.48885686074976287
chromosome14	711958.0	1.8688698786461502
chromosome14	719871.0	1.3097617292300145
chromosome14	725675.5	1.0071648472368262
chromosome14	732271.0	0.9518099485116862
chromosome14	739511.5	2.225119890446866
chromosome14	745190.0	0.9006700435540999
chromosome14	751113.5	0.9236583906139474
chromosome14	760005.5	1.172970077530931
chromosome15	16331.5	15.172656527792359
chromosome15	26929.5	7.246119472462058
chromosome15	38882.5	0.860802730732543
chromosome15	48904.5	0.7291849446170205
chromosome15	56467.0	0.808311788863315
chromosome15	64243.5	0.8108849913616243
chromosome15	72850.5	0.5826628321104428
chromosome15	79882.0	0.2800600834407632
chromosome15	87084.0	0.8904084535989721
chromosome15	93837.0	0.11515154165683054
chromosome15	100441.5	0.6806923632746159
chromosome15	108077.0	0.3415528068716287
chromosome15	120497.0	1.2581580117459739
chromosome15	132441.5	0.9360921012641709
chromosome15	140518.5	0.45159426293627075
chromosome15	148681.5	0.53252610640762
chromosome15	155792.0	0.34329892906503645
chromosome15	162233.0	0.42652869102972424
chromosome15	167009.0	0.5355987905313766
chromosome15	172124.0	1.7976619090720138
chromosome15	178575.5	1.2581732666250598
chromosome15	187583.5	1.0355568451739743
chromosome15	198965.5	0.6065401511960652
chromosome15	209054.5	0.3824768049429607
chromosome15	219174.5	0.7422935399765337
chromosome15	230524.0	0.5062281200628659
chromosome15	240563.5	0.7984776543496287
chromosome15	251073.0	0.5135042646949619
chromosome15	261215.0	0.5805430338146084
chromosome15	270676.0	0.33678009349537336
chromosome15	281122.0	1.460252299855126
chromosome15	290607.5	0.5288584279404204
chromosome15	297410.5	0.5435905658439778
chromosome15	304686.0	0.535305136280276
chromosome15	315492.0	0.45714210243393655
chromosome15	328677.5	0.5939102713477759
chromosome15	341238.5	0.6366935766552373
chromosome15	351297.0	1.0152265780517469
chromosome15	360249.5	0.7159665155468782
chromosome15	368578.5	0.26274973328954315
chromosome15	376114.5	0.3385040977255445
chromosome15	383124.5	0.4377563414636398
chromosome15	389837.5	0.5970348145183528
chromosome15	399475.0	1.0196485326641644
chromosome15	410822.5	1.1159744546571473
chromosome15	419133.0	1.474442904906152
chromosome15	425560.0	1.3889198795891171
chromosome15	432946.5	0.7491292572660787
chromosome15	440284.5	4.031370475027028
chromosome15	447676.5	1.2097316079362437
chromosome15	457212.0	0.5526809198886815
chromosome15	465255.5	0.5823783499319217
chromosome15	472559.0	0.4494843868943722
chromosome15	481629.5	0.45506273266144426
chromosome15	490123.0	0.4594124033415816
chromosome15	497707.0	0.47109806132375304
chromosome15	505705.5	0.5668526231154746
chromosome15	512928.5	0.6311743127743102
chromosome15	518098.5	0.549050077966865
chromosome15	523439.5	0.16032359210245872
chromosome15	530351.5	0.6165187927720577
chromosome15	538692.5	0.5644708216943999
chromosome15	548515.0	0.6261235091507302
chromosome15	558304.5	0.6262094931933975
chromosome15	567803.0	0.30886968672030185
chromosome15	577813.5	1.70779043002204
chromosome15	586062.5	0.18721482823114102
chromosome15	595388.0	0.38402879497231557
chromosome15	605588.5	0.8078328966224698
chromosome15	614235.0	0.6854957521069464
chromosome15	625342.0	0.6074899637865316
chromosome15	636394.5	0.5182235802474671
chromosome15	645464.5	0.32334822324724466
chromosome15	654380.0	0.7247669094689758
chromosome15	663927.0	1.0747033878493466
chromosome15	671488.5	0.6138622432227269
chromosome15	678857.5	0.7154811376315438
chromosome15	688175.0	0.4304711596859227
chromosome15	697478.5	1.1332645756602873
chromosome15	707793.5	0.5754484048437459
chromosome15	719777.5	0.31162378485654985
chromosome15	730495.0	1.4261084883578292
chromosome15	741102.0	0.6015746139097816
chromosome15	751108.0	0.5178756475901528
chromosome15	760902.5	0.7906025050250832
chromosome15	769011.0	0.635675334269831
chromosome15	777092.5	0.488858707124834
chromosome15	788032.5	1.702175738803554
chromosome15	799562.5	0.45139569657478523
chromosome15	810677.5	1.282937073524044
chromosome15	820521.5	0.4055291073686237
chromosome15	829215.0	0.332012249600183
chromosome15	838272.0	2.499065750436543
chromosome15	847192.0	2.6105066854860213
chromosome15	857317.0	3.7869073924327457
chromosome15	869931.5	3.548680692044094
chromosome15	881147.0	1.1397990454137805
chromosome15	891500.0	0.7353123403644608
chromosome15	902603.5	3.728377779680501
chromosome15	914326.5	1.2063012192988083
chromosome15	927323.5	0.7359337049652637
chromosome15	939404.5	0.48429113695691006
chromosome15	949882.5	0.5503301784290374
chromosome15	960971.5	0.7256226848976213
chromosome15	972711.5	0.3610648068526727
chromosome15	982368.0	0.9447608968611545
chromosome15	990586.5	0.809310261534676
chromosome15	999048.0	0.5864481182838508
chromosome15	1006918.5	0.74306939838714
chromosome15	1016374.5	0.3774037270610751
chromosome15	1026566.5	0.6197102919626362
chromosome15	1035310.0	2.1143364629234624
chromosome15	1043918.0	1.1790376877013007
chromosome15	1050925.5	1.802241833739542
chromosome16	19868.5	0.4974090388754964
chromosome16	27172.0	0.5157239754542158
chromosome16	32840.0	0.5354246960924977
chromosome16	39715.0	0.4809537393906028
chromosome16	47909.5	2.0449941078309677
chromosome16	60130.0	2.160252647488324
chromosome16	73037.0	0.6625709613405482
chromosome16	82360.5	0.7531410507805059
chromosome16	91465.0	0.7433693452861366
chromosome16	100013.5	0.901699121307538
chromosome16	107775.5	0.41502558471641526
chromosome16	115664.5	0.8811198205359033
chromosome16	124453.0	0.5321557494894755
chromosome16	133766.5	0.927186296702633
chromosome16	142794.0	1.8751590240958307
chromosome16	152890.5	0.769777717661196
chromosome16	163337.5	0.5974449658574714
chromosome16	170946.0	1.3961406575526996
chromosome16	178745.5	1.0377063248378113
chromosome16	187343.0	0.5334180789482252
chromosome16	194946.0	0.4464596164428591
chromosome16	202289.5	1.005230652094608
chromosome16	210149.0	0.7045922726187135
chromosome16	218464.0	1.174507375402777
chromosome16	226185.5	0.7220690665205004
chromosome16	234289.0	0.9466325550465956
chromosome16	241988.0	0.5479032920585615
chromosome16	249995.0	0.6737444428334717
chromosome16	259049.5	0.7041034130037876
chromosome16	269297.5	0.6415104910923436
chromosome16	279486.0	0.7741992060792404
chromosome16	288652.5	0.7843154564556705
chromosome16	297523.0	0.8444187873484844
chromosome16	307129.5	1.1405424678896319
chromosome16	318673.0	1.084763000020763
chromosome16	329307.5	1.0474760605592515
chromosome16	339355.5	0.2513858800171767
chromosome16	348286.5	0.8271850659160593
chromosome16	356130.0	1.740674487716969
chromosome16	362820.5	1.3961410254098507
chromosome16	369765.0	1.6922414351642256
chromosome16	377665.0	0.9935786441214414
chromosome16	386114.0	0.8837500479588045
chromosome16	396434.5	0.8425091828340531
chromosome16	406670.0	0.8837069988998038
chromosome16	416847.0	0.8874516654196016
chromosome16	427499.0	0.5531418704819827
chromosome16	441493.5	0.41566196878405787
chromosome16	454871.0	0.5049302340231775
chromosome16	465033.5	0.6125812947165563
chromosome16	475506.5	0.5603647994858678
chromosome16	484042.0	0.6060284132835825
chromosome16	493547.5	0.4841379216267455
chromosome16	502340.5	0.2434927291814946
chromosome16	509391.0	0.4146521012334763
chromosome16	517347.5	0.23917059311172945
chromosome16	527441.5	0.1143341389262595
chromosome16	537318.0	1.152359647418441
chromosome16	546415.0	0.20216799424279486
chromosome16	555262.0	0.21594825323042477
chromosome16	563941.5	0.4736654726714465
chromosome16	571941.5	0.5534528800122851
chromosome16	578826.5	0.49239701038370187
chromosome16	584627.5	0.51400818517278
chromosome16	589760.5	0.5138402765907437
chromosome16	596375.0	0.5930937549017453
chromosome16	605801.0	0.45458507700802026
chromosome16	617376.5	0.3758762909276809
chromosome16	631969.5	0.640124232186352
chromosome16	646979.0	0.37082249193476857
chromosome16	662141.0	0.9848228671820021
chromosome16	675545.0	0.7803827643989227
chromosome16	684716.5	0.44548140813546944
chromosome16	692309.0	0.4868423417694927
chromosome16	701846.0	0.7503247910468703
chromosome16	712624.0	0.5417683645098136
chromosome16	721458.5	0.36268588241855554
chromosome16	730465.5	0.45033767435462524
chromosome16	743671.0	1.7979869135522337
chromosome16	763859.0	0.8279777460968101
chromosome16	782894.0	0.4464454041777709
chromosome16	801800.0	1.3500270979156839
chromosome16	821675.5	0.3638256630233691
chromosome16	834916.5	0.415276018747688
chromosome16	852375.0	1.3665465766133709
chromosome16	869980.5	1.986939112509004
chromosome16	879640.5	0.4627634636669269
chromosome16	886793.0	0.29781368665851116
chromosome16	894558.5	1.0641880491703952
chromosome16	902403.5	0.16892155830046776
chromosome16	910489.0	0.7220165220829496
chromosome16	918668.0	0.651799637099937
chromosome16	925287.0	0.9342102114018274
chromosome16	935334.5	0.5097452799932866
